TN:
SF:../parse.js
FN:7,getPath
FN:10,readFilePath
FN:11,treeСoincidencesYaml
FNF:3
FNH:3
FNDA:2,getPath
FNDA:2,readFilePath
FNDA:1,treeСoincidencesYaml
DA:1,1
DA:2,1
DA:3,1
DA:4,1
DA:5,1
DA:6,1
DA:7,2
DA:8,2
DA:9,1
DA:10,1
DA:11,1
DA:12,1
DA:13,1
DA:14,1
DA:15,1
DA:16,1
DA:17,1
DA:18,1
DA:19,1
DA:20,4
DA:21,1
DA:22,4
DA:23,2
DA:24,3
DA:25,1
DA:26,4
DA:27,1
DA:28,1
DA:29,3
DA:30,3
DA:31,2
DA:32,1
DA:33,1
DA:34,1
DA:35,1
DA:36,2
DA:37,1
DA:38,1
DA:39,1
DA:40,1
DA:41,1
LF:41
LH:41
BRDA:7,0,0,2
BRDA:10,1,0,2
BRDA:11,2,0,1
BRDA:19,3,0,4
BRDA:20,4,0,2
BRDA:20,5,0,1
BRDA:22,6,0,3
BRDA:22,7,0,2
BRDA:24,8,0,1
BRDA:28,9,0,3
BRDA:30,10,0,2
BRDA:31,11,0,1
BRF:12
BRH:12
end_of_record
TN:
SF:exampl.js
FN:2,examplModel
FNF:1
FNH:1
FNDA:3,examplModel
DA:1,1
DA:2,1
DA:3,3
DA:4,3
DA:5,3
DA:6,3
DA:7,3
DA:8,3
DA:9,3
DA:10,3
DA:11,3
DA:12,1
DA:13,1
LF:13
LH:13
BRDA:2,0,0,3
BRF:1
BRH:1
end_of_record
TN:
SF:../src/index.js
FN:6,getPath
FN:9,readFilePath
FN:12,gendiff
FNF:3
FNH:3
FNDA:2,getPath
FNDA:2,readFilePath
FNDA:1,gendiff
DA:1,1
DA:2,1
DA:3,1
DA:4,1
DA:5,1
DA:6,2
DA:7,2
DA:8,2
DA:9,1
DA:10,1
DA:11,1
DA:12,1
DA:13,1
DA:14,1
DA:15,1
DA:16,1
DA:17,1
DA:18,1
DA:19,1
DA:20,1
DA:21,1
LF:21
LH:21
BRDA:6,0,0,2
BRDA:9,1,0,2
BRDA:12,2,0,1
BRF:3
BRH:3
end_of_record
TN:
SF:../src/tree.js
FN:4,treeСoincidences
FNF:1
FNH:1
FNDA:1,treeСoincidences
DA:1,1
DA:2,1
DA:3,1
DA:4,1
DA:5,1
DA:6,1
DA:7,1
DA:8,1
DA:9,4
DA:10,1
DA:11,4
DA:12,2
DA:13,3
DA:14,1
DA:15,4
DA:16,1
DA:17,1
DA:18,3
DA:19,3
DA:20,2
DA:21,1
DA:22,1
DA:23,1
DA:24,1
DA:25,2
DA:26,1
DA:27,1
DA:28,1
DA:29,1
LF:29
LH:29
BRDA:4,0,0,1
BRDA:8,1,0,4
BRDA:9,2,0,2
BRDA:9,3,0,1
BRDA:11,4,0,3
BRDA:11,5,0,2
BRDA:13,6,0,1
BRDA:17,7,0,3
BRDA:19,8,0,2
BRDA:20,9,0,1
BRF:10
BRH:10
end_of_record
